Arguments: 
  /usr/local/Cellar/node/14.2.0/bin/node /usr/local/Cellar/yarn/1.22.4/libexec/bin/yarn.js add @typescript-lerna/sequel

PATH: 
  /Users/joeysawaya/.pyenv/shims:/Library/Frameworks/Python.framework/Versions/3.8/bin:/usr/local/bin:/usr/bin:/bin:/usr/sbin:/sbin:/Users/joeysawaya/.npm-global/bin:/Library/TeX/texbin:/Library/Apple/usr/bin:/Users/joeysawaya/.pyenv/shims

Yarn version: 
  1.22.4

Node version: 
  14.2.0

Platform: 
  darwin x64

Trace: 
  Error: https://registry.yarnpkg.com/@typescript-lerna%2fhelper: Not found
      at Request.params.callback [as _callback] (/usr/local/Cellar/yarn/1.22.4/libexec/lib/cli.js:66987:18)
      at Request.self.callback (/usr/local/Cellar/yarn/1.22.4/libexec/lib/cli.js:140748:22)
      at Request.emit (events.js:315:20)
      at Request.<anonymous> (/usr/local/Cellar/yarn/1.22.4/libexec/lib/cli.js:141720:10)
      at Request.emit (events.js:315:20)
      at IncomingMessage.<anonymous> (/usr/local/Cellar/yarn/1.22.4/libexec/lib/cli.js:141642:12)
      at Object.onceWrapper (events.js:421:28)
      at IncomingMessage.emit (events.js:327:22)
      at endReadableNT (_stream_readable.js:1225:12)
      at processTicksAndRejections (internal/process/task_queues.js:84:21)

npm manifest: 
  {
    "name": "@typescript-lerna/main",
    "version": "0.0.2",
    "main": "index.js",
    "license": "MIT",
    "dependencies": {
      "@typescript-lerna/helper": "^0.0.2",
      "express": "^4.17.1"
    },
    "scripts": {
      "test": "node index.js"
    },
    "private": true
  }

yarn manifest: 
  No manifest

Lockfile: 
  No lockfile
